0 info it worked if it ends with ok
1 verbose cli [ 'C:\\Program Files\\nodejs\\node.exe',
1 verbose cli   'C:\\Program Files\\nodejs\\node_modules\\npm\\bin\\npm-cli.js',
1 verbose cli   'start' ]
2 info using npm@3.10.10
3 info using node@v6.11.2
4 verbose run-script [ 'prestart', 'start', 'poststart' ]
5 info lifecycle express-module@1.0.0~prestart: express-module@1.0.0
6 silly lifecycle express-module@1.0.0~prestart: no script for prestart, continuing
7 info lifecycle express-module@1.0.0~start: express-module@1.0.0
8 verbose lifecycle express-module@1.0.0~start: unsafe-perm in lifecycle true
9 verbose lifecycle express-module@1.0.0~start: PATH: C:\Program Files\nodejs\node_modules\npm\bin\node-gyp-bin;D:\node\final project\express_module_FINAL\express_module_FINAL\node_modules\.bin;C:\Program Files\MongoDB\Server\3.4\bin;C:\Program Files\Microsoft SQL Server\Client SDK\ODBC\110\Tools\Binn\;C:\Program Files (x86)\Microsoft SQL Server\120\Tools\Binn\ManagementStudio\;C:\Program Files (x86)\Microsoft SQL Server\120\Tools\Binn\;C:\Program Files\Microsoft SQL Server\120\Tools\Binn\;C:\Program Files (x86)\Microsoft SQL Server\120\DTS\Binn\;C:\Program Files\Microsoft SQL Server\120\DTS\Binn\;C:\Program Files\nodejs\;C:\Program Files\Java\jdk1.7.0_79\bin;C:\Program Files\Git\cmd;C:\Program Files\Git\mingw64\bin;C:\Program Files\Git\usr\bin;C:\Program Files (x86)\Microsoft SQL Server\90\Tools\binn\;C:\Users\yash.katiyar\AppData\Local\Programs\Fiddler;C:\Users\yash.katiyar\AppData\Roaming\npm;C:\Program Files\Microsoft VS Code\bin;C:\Program Files\Heroku\bin
10 verbose lifecycle express-module@1.0.0~start: CWD: D:\node\final project\express_module_FINAL\express_module_FINAL
11 silly lifecycle express-module@1.0.0~start: Args: [ '/d /s /c', 'node ./bin/www' ]
12 silly lifecycle express-module@1.0.0~start: Returned: code: 1  signal: null
13 info lifecycle express-module@1.0.0~start: Failed to exec start script
14 verbose stack Error: express-module@1.0.0 start: `node ./bin/www`
14 verbose stack Exit status 1
14 verbose stack     at EventEmitter.<anonymous> (C:\Program Files\nodejs\node_modules\npm\lib\utils\lifecycle.js:255:16)
14 verbose stack     at emitTwo (events.js:106:13)
14 verbose stack     at EventEmitter.emit (events.js:191:7)
14 verbose stack     at ChildProcess.<anonymous> (C:\Program Files\nodejs\node_modules\npm\lib\utils\spawn.js:40:14)
14 verbose stack     at emitTwo (events.js:106:13)
14 verbose stack     at ChildProcess.emit (events.js:191:7)
14 verbose stack     at maybeClose (internal/child_process.js:891:16)
14 verbose stack     at Process.ChildProcess._handle.onexit (internal/child_process.js:226:5)
15 verbose pkgid express-module@1.0.0
16 verbose cwd D:\node\final project\express_module_FINAL\express_module_FINAL
17 error Windows_NT 6.3.9600
18 error argv "C:\\Program Files\\nodejs\\node.exe" "C:\\Program Files\\nodejs\\node_modules\\npm\\bin\\npm-cli.js" "start"
19 error node v6.11.2
20 error npm  v3.10.10
21 error code ELIFECYCLE
22 error express-module@1.0.0 start: `node ./bin/www`
22 error Exit status 1
23 error Failed at the express-module@1.0.0 start script 'node ./bin/www'.
23 error Make sure you have the latest version of node.js and npm installed.
23 error If you do, this is most likely a problem with the express-module package,
23 error not with npm itself.
23 error Tell the author that this fails on your system:
23 error     node ./bin/www
23 error You can get information on how to open an issue for this project with:
23 error     npm bugs express-module
23 error Or if that isn't available, you can get their info via:
23 error     npm owner ls express-module
23 error There is likely additional logging output above.
24 verbose exit [ 1, true ]
